<?xml version="1.0" encoding="utf-8"?><testsuites name="pytest tests"><testsuite name="pytest" errors="0" failures="0" skipped="1" tests="58" time="4.947" timestamp="2025-10-23T04:58:08.992917+00:00" hostname="cursor"><testcase classname="comprehensive_test" name="test_safe_float" time="0.004" /><testcase classname="comprehensive_test" name="test_sum_with_safe_float" time="0.001" /><testcase classname="diagnose_batch_test" name="test_simple_function" time="0.008" /><testcase classname="direct_test" name="test_enhanced_batch_tester" time="0.001" /><testcase classname="minimal_test" name="test_template_loading" time="0.115" /><testcase classname="streamlit_deployability_test" name="test_python_environment" time="0.006" /><testcase classname="streamlit_deployability_test" name="test_required_dependencies" time="0.856" /><testcase classname="streamlit_deployability_test" name="test_module_imports" time="0.013" /><testcase classname="streamlit_deployability_test" name="test_template_files" time="0.005" /><testcase classname="streamlit_deployability_test" name="test_streamlit_syntax" time="0.118" /><testcase classname="streamlit_deployability_test" name="test_actual_streamlit_import" time="0.000" /><testcase classname="test_all_batch_files" name="test_batch_file_syntax" time="0.005" /><testcase classname="test_all_batch_files" name="test_batch_file_execution" time="0.001" /><testcase classname="test_basic_functionality" name="test_imports" time="0.000" /><testcase classname="test_basic_functionality" name="test_function_imports" time="0.001" /><testcase classname="test_certificates" name="test_certificate_templates" time="0.072" /><testcase classname="test_cloud_deployment" name="test_basic_requirements" time="0.207" /><testcase classname="test_cloud_deployment" name="test_environment_detection" time="1.123" /><testcase classname="test_cloud_deployment" name="test_pdf_generation" time="0.042" /><testcase classname="test_deployment" name="test_deployment" time="0.002" /><testcase classname="test_deviation_statement_zero_rate" name="test_deviation_statement_zero_rate_handling" time="0.001" /><testcase classname="test_enhanced_pdf" name="test_enhanced_pdf_generation" time="0.039" /><testcase classname="test_essential_packages" name="test_essential_packages" time="0.001" /><testcase classname="test_float_conversion" name="test_float_conversion" time="0.000" /><testcase classname="test_imports" name="test_imports" time="0.000" /><testcase classname="test_input_output" name="test_different_inputs" time="0.217" /><testcase classname="test_launch" name="test_app_launch" time="0.001" /><testcase classname="test_modular_app" name="test_imports" time="0.001" /><testcase classname="test_modular_app" name="test_module_structure" time="0.001" /><testcase classname="test_modular_fixes" name="test_file_structure" time="0.001" /><testcase classname="test_modular_fixes" name="test_module_imports" time="0.001" /><testcase classname="test_modular_fixes" name="test_old_references_removed" time="0.000" /><testcase classname="test_original_templates" name="test_original_template_rendering" time="0.077" /><testcase classname="test_pdfkit" name="test_pdfkit" time="0.005"><skipped type="pytest.skip" message="wkhtmltopdf not guaranteed on non-Windows runners">/workspace/test_pdfkit.py:9: wkhtmltopdf not guaranteed on non-Windows runners</skipped></testcase><testcase classname="test_pdfkit_import" name="test_pdfkit_import" time="0.005" /><testcase classname="test_pdfkit_import" name="test_renderers_import" time="0.000" /><testcase classname="test_requirements" name="test_requirements" time="0.198" /><testcase classname="test_specification_fix" name="test_specification_population" time="0.002" /><testcase classname="test_streamlit_deploy" name="test_import_modular_app" time="0.001" /><testcase classname="test_streamlit_deploy" name="test_jinja2_templates" time="0.055" /><testcase classname="test_streamlit_imports" name="test_imports" time="0.001" /><testcase classname="test_streamlit_pdf" name="test_streamlit_pdf_integration" time="0.001" /><testcase classname="test_templates" name="test_template_rendering" time="0.055" /><testcase classname="test_zero_rate_fix" name="test_zero_rate_handling" time="0.002" /><testcase classname="test_zero_rate_handling" name="test_zero_rate_item_handling" time="0.002" /><testcase classname="tests.test_modularization.TestModularization" name="test_app_module_import" time="0.001" /><testcase classname="tests.test_modularization.TestModularization" name="test_core_module_import" time="0.000" /><testcase classname="tests.test_modularization.TestModularization" name="test_exports_module_import" time="0.000" /><testcase classname="tests.test_modularization.TestModularization" name="test_number_to_words_function" time="0.004" /><testcase classname="tests.test_modularization.TestModularization" name="test_safe_float_function" time="0.001" /><testcase classname="tests.test_optimizations.TestOptimizations" name="test_advanced_formats_import" time="0.001" /><testcase classname="tests.test_optimizations.TestOptimizations" name="test_batch_processor_import" time="0.005" /><testcase classname="tests.test_optimizations.TestOptimizations" name="test_css_minification" time="0.002" /><testcase classname="tests.test_optimizations.TestOptimizations" name="test_frontend_optimizer_import" time="0.004" /><testcase classname="tests.test_optimizations.TestOptimizations" name="test_js_minification" time="0.001" /><testcase classname="tests.test_optimizations.TestOptimizations" name="test_json_generation" time="0.004" /><testcase classname="tests.test_optimizations.TestOptimizations" name="test_redis_cache_import" time="0.001" /><testcase classname="tests.test_optimizations.TestOptimizations" name="test_xml_generation" time="0.005" /></testsuite></testsuites>